  main.cpp
C:\opencv\build\include\opencv2\core.hpp(1746,1): warning C4819: 현재 코드 페이지(949)에서 표시할 수 없는 문자가 파일에 들어 있습니다. 데이터가 손실되지 않게 하려면 해당 파일을 유니코드 형식으로 저장하십시오.
C:\opencv\build\include\opencv2\core.hpp(1746,1): warning C4819: 현재 코드 페이지(949)에서 표시할 수 없는 문자가 파일에 들어 있습니다. 데이터가 손실되지 않게 하려면 해당 파일을 유니코드 형식으로 저장하십시오.
C:\opencv\build\include\opencv2\core.hpp(1746,1): warning C4819: 현재 코드 페이지(949)에서 표시할 수 없는 문자가 파일에 들어 있습니다. 데이터가 손실되지 않게 하려면 해당 파일을 유니코드 형식으로 저장하십시오.
C:\RoadLaneDetection\RoadLaneDetection\main.cpp(34,61): warning C4305: '인수': 'int'에서 'bool'(으)로 잘립니다.
  RoadLaneDetection.cpp
C:\opencv\build\include\opencv2\core.hpp(1746,1): warning C4819: 현재 코드 페이지(949)에서 표시할 수 없는 문자가 파일에 들어 있습니다. 데이터가 손실되지 않게 하려면 해당 파일을 유니코드 형식으로 저장하십시오.
C:\opencv\build\include\opencv2\core.hpp(1746,1): warning C4819: 현재 코드 페이지(949)에서 표시할 수 없는 문자가 파일에 들어 있습니다. 데이터가 손실되지 않게 하려면 해당 파일을 유니코드 형식으로 저장하십시오.
C:\opencv\build\include\opencv2\core.hpp(1746,1): warning C4819: 현재 코드 페이지(949)에서 표시할 수 없는 문자가 파일에 들어 있습니다. 데이터가 손실되지 않게 하려면 해당 파일을 유니코드 형식으로 저장하십시오.
C:\RoadLaneDetection\RoadLaneDetection\RoadLaneDetection.cpp(54,43): warning C4244: '인수': 'double'에서 '_Tp'(으)로 변환하면서 데이터가 손실될 수 있습니다.
          with
          [
              _Tp=int
          ]
C:\RoadLaneDetection\RoadLaneDetection\RoadLaneDetection.cpp(55,52): warning C4244: '인수': 'double'에서 '_Tp'(으)로 변환하면서 데이터가 손실될 수 있습니다.
          with
          [
              _Tp=int
          ]
C:\RoadLaneDetection\RoadLaneDetection\RoadLaneDetection.cpp(55,40): warning C4244: '인수': 'double'에서 '_Tp'(으)로 변환하면서 데이터가 손실될 수 있습니다.
          with
          [
              _Tp=int
          ]
C:\RoadLaneDetection\RoadLaneDetection\RoadLaneDetection.cpp(56,60): warning C4244: '인수': 'double'에서 '_Tp'(으)로 변환하면서 데이터가 손실될 수 있습니다.
          with
          [
              _Tp=int
          ]
C:\RoadLaneDetection\RoadLaneDetection\RoadLaneDetection.cpp(56,15): warning C4244: '인수': 'double'에서 '_Tp'(으)로 변환하면서 데이터가 손실될 수 있습니다.
          with
          [
              _Tp=int
          ]
C:\RoadLaneDetection\RoadLaneDetection\RoadLaneDetection.cpp(57,15): warning C4244: '인수': 'double'에서 '_Tp'(으)로 변환하면서 데이터가 손실될 수 있습니다.
          with
          [
              _Tp=int
          ]
C:\RoadLaneDetection\RoadLaneDetection\RoadLaneDetection.cpp(155,47): warning C4244: '인수': '_Tp'에서 '_Tp'(으)로 변환하면서 데이터가 손실될 수 있습니다.
          with
          [
              _Tp=double
          ]
          and
          [
              _Tp=int
          ]
C:\RoadLaneDetection\RoadLaneDetection\RoadLaneDetection.cpp(155,32): warning C4244: '인수': '_Tp'에서 '_Tp'(으)로 변환하면서 데이터가 손실될 수 있습니다.
          with
          [
              _Tp=double
          ]
          and
          [
              _Tp=int
          ]
C:\RoadLaneDetection\RoadLaneDetection\RoadLaneDetection.cpp(173,44): warning C4244: '인수': '_Tp'에서 '_Tp'(으)로 변환하면서 데이터가 손실될 수 있습니다.
          with
          [
              _Tp=double
          ]
          and
          [
              _Tp=int
          ]
C:\RoadLaneDetection\RoadLaneDetection\RoadLaneDetection.cpp(173,30): warning C4244: '인수': '_Tp'에서 '_Tp'(으)로 변환하면서 데이터가 손실될 수 있습니다.
          with
          [
              _Tp=double
          ]
          and
          [
              _Tp=int
          ]
C:\RoadLaneDetection\RoadLaneDetection\RoadLaneDetection.cpp(188,20): warning C4244: '인수': 'double'에서 '_Tp'(으)로 변환하면서 데이터가 손실될 수 있습니다.
          with
          [
              _Tp=int
          ]
C:\RoadLaneDetection\RoadLaneDetection\RoadLaneDetection.cpp(189,20): warning C4244: '인수': 'double'에서 '_Tp'(으)로 변환하면서 데이터가 손실될 수 있습니다.
          with
          [
              _Tp=int
          ]
C:\RoadLaneDetection\RoadLaneDetection\RoadLaneDetection.cpp(190,20): warning C4244: '인수': 'double'에서 '_Tp'(으)로 변환하면서 데이터가 손실될 수 있습니다.
          with
          [
              _Tp=int
          ]
C:\RoadLaneDetection\RoadLaneDetection\RoadLaneDetection.cpp(191,20): warning C4244: '인수': 'double'에서 '_Tp'(으)로 변환하면서 데이터가 손실될 수 있습니다.
          with
          [
              _Tp=int
          ]
  코드를 생성하고 있습니다...
  RoadLaneDetection.vcxproj -> C:\RoadLaneDetection\x64\Debug\RoadLaneDetection.exe
